2023.10.31 00:24:55 INFO  Started: Metals version 1.1.0 in folders '/home/osmanilge/Desktop/Louvain-Community-Detection-Twitch-gamers' for client Visual Studio Code 1.83.1.
2023.10.31 00:24:56 WARN  Build server is not auto-connectable.
2023.10.31 00:24:58 WARN  no build target for: /home/osmanilge/Desktop/Louvain-Community-Detection-Twitch-gamers/src/main/scala/Main.scala
2023.10.31 00:25:01 INFO  no build target found for /home/osmanilge/Desktop/Louvain-Community-Detection-Twitch-gamers/src/main/scala/Main.scala. Using presentation compiler with project's scala-library version: 3.3.1
2023.10.31 00:25:02 INFO  running '/usr/lib/jvm/java-11-openjdk-amd64/bin/java -Djline.terminal=jline.UnsupportedTerminal -Dsbt.log.noformat=true -Dfile.encoding=UTF-8 -jar /tmp/metals16651924154415513829/sbt-launch.jar -Dbloop.export-jar-classifiers=sources bloopInstall'
2023.10.31 00:25:03 INFO  time: code lens generation in 3.58s
2023.10.31 00:25:03 INFO  [info] welcome to sbt 1.9.6 (Ubuntu Java 11.0.20.1)
2023.10.31 00:25:05 INFO  [info] loading settings for project louvain-community-detection-twitch-gamers-build-build from metals.sbt ...
2023.10.31 00:25:05 INFO  [info] loading project definition from /home/osmanilge/Desktop/Louvain-Community-Detection-Twitch-gamers/project/project
2023.10.31 00:25:07 INFO  [info] loading settings for project louvain-community-detection-twitch-gamers-build from metals.sbt ...
2023.10.31 00:25:07 INFO  [info] loading project definition from /home/osmanilge/Desktop/Louvain-Community-Detection-Twitch-gamers/project
2023.10.31 00:25:09 INFO  [success] Generated .bloop/louvain-community-detection-twitch-gamers-build.json
2023.10.31 00:25:09 INFO  [warn] Removed stale /home/osmanilge/Desktop/Louvain-Community-Detection-Twitch-gamers/project/.bloop/hello-world-build.json
2023.10.31 00:25:09 INFO  [success] Total time: 2 s, completed Oct 31, 2023, 12:25:09 AM
2023.10.31 00:25:11 INFO  [info] loading settings for project louvain-community-detection-twitch-gamers from build.sbt ...
2023.10.31 00:25:11 INFO  [info] set current project to hello-world (in build file:/home/osmanilge/Desktop/Louvain-Community-Detection-Twitch-gamers/)
2023.10.31 00:25:12 INFO  [success] Generated .bloop/louvain-community-detection-twitch-gamers.json
2023.10.31 00:25:12 INFO  [success] Generated .bloop/louvain-community-detection-twitch-gamers-test.json
2023.10.31 00:25:12 INFO  [success] Total time: 1 s, completed Oct 31, 2023, 12:25:12 AM
2023.10.31 00:25:13 INFO  time: ran 'sbt bloopInstall' in 10s
2023.10.31 00:25:13 INFO  Attempting to connect to the build server...
2023.10.31 00:25:13 INFO  Bloop uses /usr/lib/jvm/java-11-openjdk-amd64 defined at /home/osmanilge/.bloop/bloop.json
2023.10.31 00:25:13 INFO  tracing is disabled for protocol BSP, to enable tracing of incoming and outgoing JSON messages create an empty file at /home/osmanilge/Desktop/Louvain-Community-Detection-Twitch-gamers/.metals/bsp.trace.json or /home/osmanilge/.cache/metals/bsp.trace.json
2023.10.31 00:25:13 INFO  Attempting to connect to the build server...
2023.10.31 00:25:13 INFO  Bloop uses /usr/lib/jvm/java-11-openjdk-amd64 defined at /home/osmanilge/.bloop/bloop.json
2023.10.31 00:25:13 INFO  tracing is disabled for protocol BSP, to enable tracing of incoming and outgoing JSON messages create an empty file at /home/osmanilge/Desktop/Louvain-Community-Detection-Twitch-gamers/project/.metals/bsp.trace.json or /home/osmanilge/.cache/metals/bsp.trace.json
2023.10.31 00:25:13 INFO  time: Connected to build server in 1s
2023.10.31 00:25:13 INFO  Connected to Build server: Bloop v1.5.11
2023.10.31 00:25:16 WARN  Could not find java sources in /usr/lib/jvm/src.zip, /usr/lib/jvm/lib/src.zip, /usr/lib/jvm/java-11-openjdk-amd64/src.zip, /usr/lib/jvm/java-11-openjdk-amd64/lib/src.zip, /usr/lib/jvm/src.zip, /usr/lib/jvm/lib/src.zip, /usr/lib/jvm/java-11-openjdk-amd64/src.zip, /usr/lib/jvm/java-11-openjdk-amd64/lib/src.zip, /usr/lib/jvm/src.zip, /usr/lib/jvm/lib/src.zip, /usr/lib/jvm/java-11-openjdk-amd64/src.zip, /usr/lib/jvm/java-11-openjdk-amd64/lib/src.zip. Java symbols will not be available.
2023.10.31 00:25:19 WARN  Could not find java sources in /usr/lib/jvm/src.zip, /usr/lib/jvm/lib/src.zip, /usr/lib/jvm/java-11-openjdk-amd64/src.zip, /usr/lib/jvm/java-11-openjdk-amd64/lib/src.zip, /usr/lib/jvm/src.zip, /usr/lib/jvm/lib/src.zip, /usr/lib/jvm/java-11-openjdk-amd64/src.zip, /usr/lib/jvm/java-11-openjdk-amd64/lib/src.zip, /usr/lib/jvm/src.zip, /usr/lib/jvm/lib/src.zip, /usr/lib/jvm/java-11-openjdk-amd64/src.zip, /usr/lib/jvm/java-11-openjdk-amd64/lib/src.zip. Java symbols will not be available.
2023.10.31 00:25:19 WARN  Could not find java sources in /usr/lib/jvm/src.zip, /usr/lib/jvm/lib/src.zip, /usr/lib/jvm/java-11-openjdk-amd64/src.zip, /usr/lib/jvm/java-11-openjdk-amd64/lib/src.zip, /usr/lib/jvm/src.zip, /usr/lib/jvm/lib/src.zip, /usr/lib/jvm/java-11-openjdk-amd64/src.zip, /usr/lib/jvm/java-11-openjdk-amd64/lib/src.zip, /usr/lib/jvm/src.zip, /usr/lib/jvm/lib/src.zip, /usr/lib/jvm/java-11-openjdk-amd64/src.zip, /usr/lib/jvm/java-11-openjdk-amd64/lib/src.zip. Java symbols will not be available.
2023.10.31 00:25:19 INFO  time: indexed workspace in 4.65s
2023.10.31 00:25:19 INFO  compiling louvain-community-detection-twitch-gamers (1 scala source)
2023.10.31 00:25:21 INFO  time: compiled louvain-community-detection-twitch-gamers in 1.95s
2023.10.31 00:25:33 INFO  Disconnecting from Bloop session...
2023.10.31 00:25:33 INFO  Shut down connection with build server.
2023.10.31 00:25:33 INFO  Shut down connection with build server.
2023.10.31 00:25:33 INFO  Attempting to connect to the build server...
2023.10.31 00:25:33 INFO  Bloop uses /usr/lib/jvm/java-11-openjdk-amd64 defined at /home/osmanilge/.bloop/bloop.json
2023.10.31 00:25:33 INFO  tracing is disabled for protocol BSP, to enable tracing of incoming and outgoing JSON messages create an empty file at /home/osmanilge/Desktop/Louvain-Community-Detection-Twitch-gamers/.metals/bsp.trace.json or /home/osmanilge/.cache/metals/bsp.trace.json
2023.10.31 00:25:33 INFO  Attempting to connect to the build server...
2023.10.31 00:25:33 INFO  Bloop uses /usr/lib/jvm/java-11-openjdk-amd64 defined at /home/osmanilge/.bloop/bloop.json
2023.10.31 00:25:33 INFO  tracing is disabled for protocol BSP, to enable tracing of incoming and outgoing JSON messages create an empty file at /home/osmanilge/Desktop/Louvain-Community-Detection-Twitch-gamers/project/.metals/bsp.trace.json or /home/osmanilge/.cache/metals/bsp.trace.json
2023.10.31 00:25:33 INFO  time: Connected to build server in 0.14s
2023.10.31 00:25:33 INFO  Connected to Build server: Bloop v1.5.11
2023.10.31 00:25:35 WARN  Could not find java sources in /usr/lib/jvm/src.zip, /usr/lib/jvm/lib/src.zip, /usr/lib/jvm/java-11-openjdk-amd64/src.zip, /usr/lib/jvm/java-11-openjdk-amd64/lib/src.zip, /usr/lib/jvm/src.zip, /usr/lib/jvm/lib/src.zip, /usr/lib/jvm/java-11-openjdk-amd64/src.zip, /usr/lib/jvm/java-11-openjdk-amd64/lib/src.zip, /usr/lib/jvm/src.zip, /usr/lib/jvm/lib/src.zip, /usr/lib/jvm/java-11-openjdk-amd64/src.zip, /usr/lib/jvm/java-11-openjdk-amd64/lib/src.zip. Java symbols will not be available.
2023.10.31 00:25:35 WARN  Could not find java sources in /usr/lib/jvm/src.zip, /usr/lib/jvm/lib/src.zip, /usr/lib/jvm/java-11-openjdk-amd64/src.zip, /usr/lib/jvm/java-11-openjdk-amd64/lib/src.zip, /usr/lib/jvm/src.zip, /usr/lib/jvm/lib/src.zip, /usr/lib/jvm/java-11-openjdk-amd64/src.zip, /usr/lib/jvm/java-11-openjdk-amd64/lib/src.zip, /usr/lib/jvm/src.zip, /usr/lib/jvm/lib/src.zip, /usr/lib/jvm/java-11-openjdk-amd64/src.zip, /usr/lib/jvm/java-11-openjdk-amd64/lib/src.zip. Java symbols will not be available.
2023.10.31 00:25:35 WARN  Could not find java sources in /usr/lib/jvm/src.zip, /usr/lib/jvm/lib/src.zip, /usr/lib/jvm/java-11-openjdk-amd64/src.zip, /usr/lib/jvm/java-11-openjdk-amd64/lib/src.zip, /usr/lib/jvm/src.zip, /usr/lib/jvm/lib/src.zip, /usr/lib/jvm/java-11-openjdk-amd64/src.zip, /usr/lib/jvm/java-11-openjdk-amd64/lib/src.zip, /usr/lib/jvm/src.zip, /usr/lib/jvm/lib/src.zip, /usr/lib/jvm/java-11-openjdk-amd64/src.zip, /usr/lib/jvm/java-11-openjdk-amd64/lib/src.zip. Java symbols will not be available.
2023.10.31 00:25:35 INFO  time: indexed workspace in 1.48s
2023.10.31 00:25:51 INFO  Disconnecting from Bloop session...
2023.10.31 00:25:51 INFO  Shut down connection with build server.
2023.10.31 00:25:51 INFO  Shut down connection with build server.
2023.10.31 00:25:51 INFO  Deleted directories inside .bloop
2023.10.31 00:25:51 INFO  Attempting to connect to the build server...
2023.10.31 00:25:51 INFO  Bloop uses /usr/lib/jvm/java-11-openjdk-amd64 defined at /home/osmanilge/.bloop/bloop.json
2023.10.31 00:25:54 INFO  tracing is disabled for protocol BSP, to enable tracing of incoming and outgoing JSON messages create an empty file at /home/osmanilge/Desktop/Louvain-Community-Detection-Twitch-gamers/.metals/bsp.trace.json or /home/osmanilge/.cache/metals/bsp.trace.json
2023.10.31 00:25:54 INFO  Attempting to connect to the build server...
2023.10.31 00:25:54 INFO  Bloop uses /usr/lib/jvm/java-11-openjdk-amd64 defined at /home/osmanilge/.bloop/bloop.json
2023.10.31 00:25:54 INFO  tracing is disabled for protocol BSP, to enable tracing of incoming and outgoing JSON messages create an empty file at /home/osmanilge/Desktop/Louvain-Community-Detection-Twitch-gamers/project/.metals/bsp.trace.json or /home/osmanilge/.cache/metals/bsp.trace.json
2023.10.31 00:25:54 INFO  time: Connected to build server in 3.42s
2023.10.31 00:25:54 INFO  Connected to Build server: Bloop v1.5.11
2023.10.31 00:25:56 WARN  Could not find java sources in /usr/lib/jvm/src.zip, /usr/lib/jvm/lib/src.zip, /usr/lib/jvm/java-11-openjdk-amd64/src.zip, /usr/lib/jvm/java-11-openjdk-amd64/lib/src.zip, /usr/lib/jvm/src.zip, /usr/lib/jvm/lib/src.zip, /usr/lib/jvm/java-11-openjdk-amd64/src.zip, /usr/lib/jvm/java-11-openjdk-amd64/lib/src.zip, /usr/lib/jvm/src.zip, /usr/lib/jvm/lib/src.zip, /usr/lib/jvm/java-11-openjdk-amd64/src.zip, /usr/lib/jvm/java-11-openjdk-amd64/lib/src.zip. Java symbols will not be available.
2023.10.31 00:25:56 WARN  Could not find java sources in /usr/lib/jvm/src.zip, /usr/lib/jvm/lib/src.zip, /usr/lib/jvm/java-11-openjdk-amd64/src.zip, /usr/lib/jvm/java-11-openjdk-amd64/lib/src.zip, /usr/lib/jvm/src.zip, /usr/lib/jvm/lib/src.zip, /usr/lib/jvm/java-11-openjdk-amd64/src.zip, /usr/lib/jvm/java-11-openjdk-amd64/lib/src.zip, /usr/lib/jvm/src.zip, /usr/lib/jvm/lib/src.zip, /usr/lib/jvm/java-11-openjdk-amd64/src.zip, /usr/lib/jvm/java-11-openjdk-amd64/lib/src.zip. Java symbols will not be available.
2023.10.31 00:25:56 WARN  Could not find java sources in /usr/lib/jvm/src.zip, /usr/lib/jvm/lib/src.zip, /usr/lib/jvm/java-11-openjdk-amd64/src.zip, /usr/lib/jvm/java-11-openjdk-amd64/lib/src.zip, /usr/lib/jvm/src.zip, /usr/lib/jvm/lib/src.zip, /usr/lib/jvm/java-11-openjdk-amd64/src.zip, /usr/lib/jvm/java-11-openjdk-amd64/lib/src.zip, /usr/lib/jvm/src.zip, /usr/lib/jvm/lib/src.zip, /usr/lib/jvm/java-11-openjdk-amd64/src.zip, /usr/lib/jvm/java-11-openjdk-amd64/lib/src.zip. Java symbols will not be available.
2023.10.31 00:25:56 INFO  time: indexed workspace in 1.36s
2023.10.31 00:25:57 INFO  compiling louvain-community-detection-twitch-gamers (1 scala source)
2023.10.31 00:26:00 INFO  time: compiled louvain-community-detection-twitch-gamers in 3.33s
2023.10.31 00:26:04 INFO  Disconnecting from Bloop session...
2023.10.31 00:26:04 INFO  Shut down connection with build server.
2023.10.31 00:26:04 INFO  Shut down connection with build server.
2023.10.31 00:26:04 INFO  Attempting to connect to the build server...
2023.10.31 00:26:04 INFO  Bloop uses /usr/lib/jvm/java-11-openjdk-amd64 defined at /home/osmanilge/.bloop/bloop.json
2023.10.31 00:26:04 INFO  tracing is disabled for protocol BSP, to enable tracing of incoming and outgoing JSON messages create an empty file at /home/osmanilge/Desktop/Louvain-Community-Detection-Twitch-gamers/.metals/bsp.trace.json or /home/osmanilge/.cache/metals/bsp.trace.json
2023.10.31 00:26:04 INFO  Attempting to connect to the build server...
2023.10.31 00:26:04 INFO  Bloop uses /usr/lib/jvm/java-11-openjdk-amd64 defined at /home/osmanilge/.bloop/bloop.json
2023.10.31 00:26:04 INFO  tracing is disabled for protocol BSP, to enable tracing of incoming and outgoing JSON messages create an empty file at /home/osmanilge/Desktop/Louvain-Community-Detection-Twitch-gamers/project/.metals/bsp.trace.json or /home/osmanilge/.cache/metals/bsp.trace.json
2023.10.31 00:26:04 INFO  time: Connected to build server in 0.1s
2023.10.31 00:26:04 INFO  Connected to Build server: Bloop v1.5.11
2023.10.31 00:26:06 WARN  Could not find java sources in /usr/lib/jvm/src.zip, /usr/lib/jvm/lib/src.zip, /usr/lib/jvm/java-11-openjdk-amd64/src.zip, /usr/lib/jvm/java-11-openjdk-amd64/lib/src.zip, /usr/lib/jvm/src.zip, /usr/lib/jvm/lib/src.zip, /usr/lib/jvm/java-11-openjdk-amd64/src.zip, /usr/lib/jvm/java-11-openjdk-amd64/lib/src.zip, /usr/lib/jvm/src.zip, /usr/lib/jvm/lib/src.zip, /usr/lib/jvm/java-11-openjdk-amd64/src.zip, /usr/lib/jvm/java-11-openjdk-amd64/lib/src.zip. Java symbols will not be available.
2023.10.31 00:26:06 WARN  Could not find java sources in /usr/lib/jvm/src.zip, /usr/lib/jvm/lib/src.zip, /usr/lib/jvm/java-11-openjdk-amd64/src.zip, /usr/lib/jvm/java-11-openjdk-amd64/lib/src.zip, /usr/lib/jvm/src.zip, /usr/lib/jvm/lib/src.zip, /usr/lib/jvm/java-11-openjdk-amd64/src.zip, /usr/lib/jvm/java-11-openjdk-amd64/lib/src.zip, /usr/lib/jvm/src.zip, /usr/lib/jvm/lib/src.zip, /usr/lib/jvm/java-11-openjdk-amd64/src.zip, /usr/lib/jvm/java-11-openjdk-amd64/lib/src.zip. Java symbols will not be available.
2023.10.31 00:26:06 WARN  Could not find java sources in /usr/lib/jvm/src.zip, /usr/lib/jvm/lib/src.zip, /usr/lib/jvm/java-11-openjdk-amd64/src.zip, /usr/lib/jvm/java-11-openjdk-amd64/lib/src.zip, /usr/lib/jvm/src.zip, /usr/lib/jvm/lib/src.zip, /usr/lib/jvm/java-11-openjdk-amd64/src.zip, /usr/lib/jvm/java-11-openjdk-amd64/lib/src.zip, /usr/lib/jvm/src.zip, /usr/lib/jvm/lib/src.zip, /usr/lib/jvm/java-11-openjdk-amd64/src.zip, /usr/lib/jvm/java-11-openjdk-amd64/lib/src.zip. Java symbols will not be available.
2023.10.31 00:26:06 INFO  time: indexed workspace in 1.5s
2023.10.31 00:26:32 INFO  compiling louvain-community-detection-twitch-gamers (1 scala source)
2023.10.31 00:26:33 INFO  time: compiled louvain-community-detection-twitch-gamers in 1.19s
2023.10.31 00:26:42 INFO  compiling louvain-community-detection-twitch-gamers (1 scala source)
2023.10.31 00:26:43 INFO  time: compiled louvain-community-detection-twitch-gamers in 1.02s
2023.10.31 00:31:48 INFO  Shutting down server
2023.10.31 00:31:48 INFO  shutting down Metals
2023.10.31 00:31:48 INFO  Shut down connection with build server.
2023.10.31 00:31:48 INFO  Shut down connection with build server.
2023.10.31 00:31:48 INFO  Exiting server
2023.12.03 21:34:40 INFO  Started: Metals version 1.1.0 in folders '/home/osmanilge/Desktop/Louvain-Community-Detection-Twitch-gamers' for client Visual Studio Code 1.83.1.
2023.12.03 21:34:41 INFO  Attempting to connect to the build server...
2023.12.03 21:34:41 INFO  Bloop uses /usr/lib/jvm/java-11-openjdk-amd64 defined at /home/osmanilge/.bloop/bloop.json
Dec 03, 2023 6:34:43 PM org.eclipse.lsp4j.jsonrpc.services.GenericEndpoint notify
INFO: Unsupported notification method: $/setTrace
2023.12.03 18:34:46 INFO  no build target found for /home/osmanilge/Desktop/Louvain-Community-Detection-Twitch-gamers/src/main/scala/Main.scala. Using presentation compiler with project's scala-library version: 3.3.1
2023.12.03 18:34:46 INFO  tracing is disabled for protocol BSP, to enable tracing of incoming and outgoing JSON messages create an empty file at /home/osmanilge/Desktop/Louvain-Community-Detection-Twitch-gamers/.metals/bsp.trace.json or /home/osmanilge/.cache/metals/bsp.trace.json
2023.12.03 18:34:47 INFO  Attempting to connect to the build server...
2023.12.03 18:34:47 INFO  Bloop uses /usr/lib/jvm/java-11-openjdk-amd64 defined at /home/osmanilge/.bloop/bloop.json
2023.12.03 18:34:47 INFO  tracing is disabled for protocol BSP, to enable tracing of incoming and outgoing JSON messages create an empty file at /home/osmanilge/Desktop/Louvain-Community-Detection-Twitch-gamers/project/.metals/bsp.trace.json or /home/osmanilge/.cache/metals/bsp.trace.json
2023.12.03 18:34:47 INFO  time: Connected to build server in 5.98s
2023.12.03 18:34:47 INFO  Connected to Build server: Bloop v1.5.11
2023.12.03 18:34:47 INFO  time: Imported build in 0.15s
2023.12.03 18:34:50 WARN  Could not find java sources in /usr/lib/jvm/src.zip, /usr/lib/jvm/lib/src.zip, /usr/lib/jvm/java-11-openjdk-amd64/src.zip, /usr/lib/jvm/java-11-openjdk-amd64/lib/src.zip, /usr/lib/jvm/src.zip, /usr/lib/jvm/lib/src.zip, /usr/lib/jvm/java-11-openjdk-amd64/src.zip, /usr/lib/jvm/java-11-openjdk-amd64/lib/src.zip, /usr/lib/jvm/src.zip, /usr/lib/jvm/lib/src.zip, /usr/lib/jvm/java-11-openjdk-amd64/src.zip, /usr/lib/jvm/java-11-openjdk-amd64/lib/src.zip. Java symbols will not be available.
2023.12.03 18:34:51 INFO  running '/usr/lib/jvm/java-11-openjdk-amd64/bin/java -Djline.terminal=jline.UnsupportedTerminal -Dsbt.log.noformat=true -Dfile.encoding=UTF-8 -jar /tmp/metals6417566236854088524/sbt-launch.jar -Dbloop.export-jar-classifiers=sources bloopInstall'
2023.12.03 18:34:53 WARN  Could not find java sources in /usr/lib/jvm/src.zip, /usr/lib/jvm/lib/src.zip, /usr/lib/jvm/java-11-openjdk-amd64/src.zip, /usr/lib/jvm/java-11-openjdk-amd64/lib/src.zip, /usr/lib/jvm/src.zip, /usr/lib/jvm/lib/src.zip, /usr/lib/jvm/java-11-openjdk-amd64/src.zip, /usr/lib/jvm/java-11-openjdk-amd64/lib/src.zip, /usr/lib/jvm/src.zip, /usr/lib/jvm/lib/src.zip, /usr/lib/jvm/java-11-openjdk-amd64/src.zip, /usr/lib/jvm/java-11-openjdk-amd64/lib/src.zip. Java symbols will not be available.
2023.12.03 18:34:53 WARN  Could not find java sources in /usr/lib/jvm/src.zip, /usr/lib/jvm/lib/src.zip, /usr/lib/jvm/java-11-openjdk-amd64/src.zip, /usr/lib/jvm/java-11-openjdk-amd64/lib/src.zip, /usr/lib/jvm/src.zip, /usr/lib/jvm/lib/src.zip, /usr/lib/jvm/java-11-openjdk-amd64/src.zip, /usr/lib/jvm/java-11-openjdk-amd64/lib/src.zip, /usr/lib/jvm/src.zip, /usr/lib/jvm/lib/src.zip, /usr/lib/jvm/java-11-openjdk-amd64/src.zip, /usr/lib/jvm/java-11-openjdk-amd64/lib/src.zip. Java symbols will not be available.
2023.12.03 18:34:53 INFO  time: indexed workspace in 6.08s
2023.12.03 18:34:54 INFO  [info] welcome to sbt 1.9.6 (Ubuntu Java 11.0.20.1)
2023.12.03 18:34:55 INFO  [info] loading settings for project louvain-community-detection-twitch-gamers-build-build from metals.sbt ...
2023.12.03 18:34:56 INFO  [info] loading project definition from /home/osmanilge/Desktop/Louvain-Community-Detection-Twitch-gamers/project/project
2023.12.03 18:34:58 INFO  [info] loading settings for project louvain-community-detection-twitch-gamers-build from metals.sbt ...
2023.12.03 18:34:58 INFO  [info] loading project definition from /home/osmanilge/Desktop/Louvain-Community-Detection-Twitch-gamers/project
2023.12.03 18:35:01 INFO  [success] Generated .bloop/louvain-community-detection-twitch-gamers-build.json
2023.12.03 18:35:01 INFO  [success] Total time: 2 s, completed Dec 3, 2023, 6:35:01 PM
2023.12.03 18:35:01 INFO  [info] loading settings for project louvain-community-detection-twitch-gamers from build.sbt ...
2023.12.03 18:35:01 INFO  [info] set current project to hello-world (in build file:/home/osmanilge/Desktop/Louvain-Community-Detection-Twitch-gamers/)
2023.12.03 18:35:03 INFO  [success] Generated .bloop/louvain-community-detection-twitch-gamers-test.json
2023.12.03 18:35:03 INFO  [success] Generated .bloop/louvain-community-detection-twitch-gamers.json
2023.12.03 18:35:03 INFO  [success] Total time: 2 s, completed Dec 3, 2023, 6:35:03 PM
2023.12.03 18:35:04 INFO  time: ran 'sbt bloopInstall' in 12s
2023.12.03 21:34:41 INFO  Disconnecting from Bloop session...
2023.12.03 18:35:04 INFO  Shut down connection with build server.
2023.12.03 21:34:41 INFO  Shut down connection with build server.
2023.12.03 18:35:04 INFO  Attempting to connect to the build server...
2023.12.03 18:35:04 INFO  Bloop uses /usr/lib/jvm/java-11-openjdk-amd64 defined at /home/osmanilge/.bloop/bloop.json
2023.12.03 18:35:04 INFO  tracing is disabled for protocol BSP, to enable tracing of incoming and outgoing JSON messages create an empty file at /home/osmanilge/Desktop/Louvain-Community-Detection-Twitch-gamers/.metals/bsp.trace.json or /home/osmanilge/.cache/metals/bsp.trace.json
2023.12.03 18:35:04 INFO  Attempting to connect to the build server...
2023.12.03 18:35:04 INFO  Bloop uses /usr/lib/jvm/java-11-openjdk-amd64 defined at /home/osmanilge/.bloop/bloop.json
2023.12.03 18:35:04 INFO  tracing is disabled for protocol BSP, to enable tracing of incoming and outgoing JSON messages create an empty file at /home/osmanilge/Desktop/Louvain-Community-Detection-Twitch-gamers/project/.metals/bsp.trace.json or /home/osmanilge/.cache/metals/bsp.trace.json
2023.12.03 18:35:04 INFO  time: Connected to build server in 0.11s
2023.12.03 21:34:41 INFO  Connected to Build server: Bloop v1.5.11
2023.12.03 18:35:05 WARN  Could not find java sources in /usr/lib/jvm/src.zip, /usr/lib/jvm/lib/src.zip, /usr/lib/jvm/java-11-openjdk-amd64/src.zip, /usr/lib/jvm/java-11-openjdk-amd64/lib/src.zip, /usr/lib/jvm/src.zip, /usr/lib/jvm/lib/src.zip, /usr/lib/jvm/java-11-openjdk-amd64/src.zip, /usr/lib/jvm/java-11-openjdk-amd64/lib/src.zip, /usr/lib/jvm/src.zip, /usr/lib/jvm/lib/src.zip, /usr/lib/jvm/java-11-openjdk-amd64/src.zip, /usr/lib/jvm/java-11-openjdk-amd64/lib/src.zip. Java symbols will not be available.
2023.12.03 18:35:05 WARN  Could not find java sources in /usr/lib/jvm/src.zip, /usr/lib/jvm/lib/src.zip, /usr/lib/jvm/java-11-openjdk-amd64/src.zip, /usr/lib/jvm/java-11-openjdk-amd64/lib/src.zip, /usr/lib/jvm/src.zip, /usr/lib/jvm/lib/src.zip, /usr/lib/jvm/java-11-openjdk-amd64/src.zip, /usr/lib/jvm/java-11-openjdk-amd64/lib/src.zip, /usr/lib/jvm/src.zip, /usr/lib/jvm/lib/src.zip, /usr/lib/jvm/java-11-openjdk-amd64/src.zip, /usr/lib/jvm/java-11-openjdk-amd64/lib/src.zip. Java symbols will not be available.
2023.12.03 18:35:05 WARN  Could not find java sources in /usr/lib/jvm/src.zip, /usr/lib/jvm/lib/src.zip, /usr/lib/jvm/java-11-openjdk-amd64/src.zip, /usr/lib/jvm/java-11-openjdk-amd64/lib/src.zip, /usr/lib/jvm/src.zip, /usr/lib/jvm/lib/src.zip, /usr/lib/jvm/java-11-openjdk-amd64/src.zip, /usr/lib/jvm/java-11-openjdk-amd64/lib/src.zip, /usr/lib/jvm/src.zip, /usr/lib/jvm/lib/src.zip, /usr/lib/jvm/java-11-openjdk-amd64/src.zip, /usr/lib/jvm/java-11-openjdk-amd64/lib/src.zip. Java symbols will not be available.
2023.12.03 18:35:05 INFO  time: indexed workspace in 1.55s
Dec 03, 2023 6:36:19 PM org.eclipse.lsp4j.jsonrpc.services.GenericEndpoint notify
INFO: Unsupported notification method: $/setTrace
2023.12.03 21:34:40 INFO  Shutting down server
2023.12.03 21:34:40 INFO  shutting down Metals
2023.12.03 18:36:31 INFO  Shut down connection with build server.
2023.12.03 18:36:31 INFO  Shut down connection with build server.
2023.12.03 21:34:40 INFO  Exiting server
2023.12.03 18:36:47 INFO  Started: Metals version 1.1.0 in folders '/home/osmanilge/Desktop/Louvain-Community-Detection-Twitch-gamers' for client Visual Studio Code 1.83.1.
2023.12.03 18:36:47 INFO  Attempting to connect to the build server...
2023.12.03 18:36:47 INFO  Bloop uses /usr/lib/jvm/java-11-openjdk-amd64 defined at /home/osmanilge/.bloop/bloop.json
2023.12.03 18:36:47 INFO  skipping build import with status 'Installed'
2023.12.03 18:36:47 INFO  tracing is disabled for protocol BSP, to enable tracing of incoming and outgoing JSON messages create an empty file at /home/osmanilge/Desktop/Louvain-Community-Detection-Twitch-gamers/.metals/bsp.trace.json or /home/osmanilge/.cache/metals/bsp.trace.json
2023.12.03 18:36:47 INFO  Attempting to connect to the build server...
2023.12.03 18:36:47 INFO  Bloop uses /usr/lib/jvm/java-11-openjdk-amd64 defined at /home/osmanilge/.bloop/bloop.json
2023.12.03 18:36:47 INFO  tracing is disabled for protocol BSP, to enable tracing of incoming and outgoing JSON messages create an empty file at /home/osmanilge/Desktop/Louvain-Community-Detection-Twitch-gamers/project/.metals/bsp.trace.json or /home/osmanilge/.cache/metals/bsp.trace.json
2023.12.03 18:36:47 INFO  time: Connected to build server in 0.35s
2023.12.03 18:36:47 INFO  Connected to Build server: Bloop v1.5.11
2023.12.03 18:36:50 WARN  Could not find java sources in /usr/lib/jvm/src.zip, /usr/lib/jvm/lib/src.zip, /usr/lib/jvm/java-11-openjdk-amd64/src.zip, /usr/lib/jvm/java-11-openjdk-amd64/lib/src.zip, /usr/lib/jvm/src.zip, /usr/lib/jvm/lib/src.zip, /usr/lib/jvm/java-11-openjdk-amd64/src.zip, /usr/lib/jvm/java-11-openjdk-amd64/lib/src.zip, /usr/lib/jvm/src.zip, /usr/lib/jvm/lib/src.zip, /usr/lib/jvm/java-11-openjdk-amd64/src.zip, /usr/lib/jvm/java-11-openjdk-amd64/lib/src.zip. Java symbols will not be available.
2023.12.03 18:36:50 WARN  Could not find java sources in /usr/lib/jvm/src.zip, /usr/lib/jvm/lib/src.zip, /usr/lib/jvm/java-11-openjdk-amd64/src.zip, /usr/lib/jvm/java-11-openjdk-amd64/lib/src.zip, /usr/lib/jvm/src.zip, /usr/lib/jvm/lib/src.zip, /usr/lib/jvm/java-11-openjdk-amd64/src.zip, /usr/lib/jvm/java-11-openjdk-amd64/lib/src.zip, /usr/lib/jvm/src.zip, /usr/lib/jvm/lib/src.zip, /usr/lib/jvm/java-11-openjdk-amd64/src.zip, /usr/lib/jvm/java-11-openjdk-amd64/lib/src.zip. Java symbols will not be available.
2023.12.03 18:36:50 WARN  Could not find java sources in /usr/lib/jvm/src.zip, /usr/lib/jvm/lib/src.zip, /usr/lib/jvm/java-11-openjdk-amd64/src.zip, /usr/lib/jvm/java-11-openjdk-amd64/lib/src.zip, /usr/lib/jvm/src.zip, /usr/lib/jvm/lib/src.zip, /usr/lib/jvm/java-11-openjdk-amd64/src.zip, /usr/lib/jvm/java-11-openjdk-amd64/lib/src.zip, /usr/lib/jvm/src.zip, /usr/lib/jvm/lib/src.zip, /usr/lib/jvm/java-11-openjdk-amd64/src.zip, /usr/lib/jvm/java-11-openjdk-amd64/lib/src.zip. Java symbols will not be available.
2023.12.03 18:36:50 INFO  time: indexed workspace in 2.95s
Dec 03, 2023 6:42:52 PM org.eclipse.lsp4j.jsonrpc.services.GenericEndpoint notify
INFO: Unsupported notification method: $/setTrace
2023.12.03 18:50:06 INFO  compiling louvain-community-detection-twitch-gamers (1 scala source)
2023.12.03 18:50:09 INFO  time: compiled louvain-community-detection-twitch-gamers in 3.35s
2023.12.03 19:04:20 WARN  no build target for: /home/osmanilge/Desktop/Louvain-Community-Detection-Twitch-gamers/src/main/Louvain.scala
2023.12.03 19:04:37 WARN  no build target for: /home/osmanilge/Desktop/Louvain-Community-Detection-Twitch-gamers/src/main/Louvain.scala
2023.12.03 19:04:37 WARN  no build target for: /home/osmanilge/Desktop/Louvain-Community-Detection-Twitch-gamers/src/main/Louvain.scala
2023.12.03 19:04:37 WARN  no build target for: /home/osmanilge/Desktop/Louvain-Community-Detection-Twitch-gamers/src/main/Louvain.scala
2023.12.03 19:04:38 WARN  no build target for: /home/osmanilge/Desktop/Louvain-Community-Detection-Twitch-gamers/src/main/Louvain.scala
2023.12.03 19:04:38 WARN  no build target for: /home/osmanilge/Desktop/Louvain-Community-Detection-Twitch-gamers/src/main/Louvain.scala
2023.12.03 19:04:38 WARN  no build target for: /home/osmanilge/Desktop/Louvain-Community-Detection-Twitch-gamers/src/main/Louvain.scala
2023.12.03 19:05:34 INFO  compiling louvain-community-detection-twitch-gamers (1 scala source)
2023.12.03 19:05:34 INFO  time: compiled louvain-community-detection-twitch-gamers in 0.48s
2023.12.03 19:05:53 INFO  compiling louvain-community-detection-twitch-gamers (1 scala source)
2023.12.03 19:05:53 INFO  time: compiled louvain-community-detection-twitch-gamers in 0.33s
2023.12.03 19:06:05 INFO  compiling louvain-community-detection-twitch-gamers (1 scala source)
2023.12.03 19:06:05 INFO  time: compiled louvain-community-detection-twitch-gamers in 0.31s
2023.12.03 19:07:29 INFO  compiling louvain-community-detection-twitch-gamers (2 scala sources)
2023.12.03 19:07:29 INFO  time: compiled louvain-community-detection-twitch-gamers in 0.94s
2023.12.03 19:29:24 INFO  compiling louvain-community-detection-twitch-gamers (1 scala source)
2023.12.03 19:29:24 INFO  time: compiled louvain-community-detection-twitch-gamers in 0.82s
2023.12.03 19:30:38 INFO  compiling louvain-community-detection-twitch-gamers (1 scala source)
2023.12.03 19:30:38 INFO  time: compiled louvain-community-detection-twitch-gamers in 0.85s
Dec 03, 2023 7:31:24 PM org.eclipse.lsp4j.jsonrpc.RemoteEndpoint handleCancellation
WARNING: Unmatched cancel notification for request id 455
Dec 03, 2023 7:31:24 PM org.eclipse.lsp4j.jsonrpc.RemoteEndpoint handleCancellation
WARNING: Unmatched cancel notification for request id 457
2023.12.03 19:32:39 INFO  compiling louvain-community-detection-twitch-gamers (1 scala source)
Exception in thread "pool-5-thread-1" java.lang.InterruptedException
	at scala.meta.internal.metals.FutureCancelToken.checkCanceled(FutureCancelToken.scala:29)
	at scala.meta.internal.pc.CompilerAccess.$anonfun$onCompilerJobQueue$1(CompilerAccess.scala:230)
	at scala.meta.internal.pc.CompilerJobQueue$Job.run(CompilerJobQueue.scala:152)
	at java.base/java.util.concurrent.ThreadPoolExecutor.runWorker(ThreadPoolExecutor.java:1128)
	at java.base/java.util.concurrent.ThreadPoolExecutor$Worker.run(ThreadPoolExecutor.java:628)
	at java.base/java.lang.Thread.run(Thread.java:829)
2023.12.03 19:32:40 INFO  time: compiled louvain-community-detection-twitch-gamers in 1.15s
2023.12.03 19:33:41 INFO  compiling louvain-community-detection-twitch-gamers (1 scala source)
2023.12.03 19:33:41 WARN  Could not load snapshot text for /home/osmanilge/Desktop/Louvain-Community-Detection-Twitch-gamers/src/main/scala/Main.scala
2023.12.03 19:33:41 WARN  Could not load snapshot text for /home/osmanilge/Desktop/Louvain-Community-Detection-Twitch-gamers/src/main/scala/Main.scala
2023.12.03 19:33:41 INFO  time: compiled louvain-community-detection-twitch-gamers in 0.65s
2023.12.03 19:35:07 INFO  compiling louvain-community-detection-twitch-gamers (1 scala source)
2023.12.03 19:35:07 INFO  time: compiled louvain-community-detection-twitch-gamers in 0.77s
Dec 03, 2023 7:35:20 PM org.eclipse.lsp4j.jsonrpc.RemoteEndpoint handleCancellation
WARNING: Unmatched cancel notification for request id 572
2023.12.03 19:36:10 INFO  compiling louvain-community-detection-twitch-gamers (1 scala source)
2023.12.03 19:36:10 INFO  time: compiled louvain-community-detection-twitch-gamers in 0.81s
2023.12.03 19:36:37 INFO  compiling louvain-community-detection-twitch-gamers (1 scala source)
2023.12.03 19:36:37 INFO  time: compiled louvain-community-detection-twitch-gamers in 0.81s
Dec 03, 2023 7:37:00 PM org.eclipse.lsp4j.jsonrpc.RemoteEndpoint handleCancellation
WARNING: Unmatched cancel notification for request id 807
2023.12.03 19:37:00 INFO  compiling louvain-community-detection-twitch-gamers (1 scala source)
2023.12.03 19:37:00 INFO  time: compiled louvain-community-detection-twitch-gamers in 0.67s
2023.12.03 19:37:20 INFO  compiling louvain-community-detection-twitch-gamers (1 scala source)
2023.12.03 19:37:20 INFO  time: compiled louvain-community-detection-twitch-gamers in 0.68s
2023.12.03 19:37:57 INFO  compiling louvain-community-detection-twitch-gamers (1 scala source)
2023.12.03 19:37:57 INFO  time: compiled louvain-community-detection-twitch-gamers in 0.85s
2023.12.03 19:38:46 INFO  compiling louvain-community-detection-twitch-gamers (1 scala source)
2023.12.03 19:38:46 INFO  Deduplicating compilation of louvain-community-detection-twitch-gamers from bsp client 'Metals 1.1.0' (since 1h 1m 59.167s)
2023.12.03 19:38:46 INFO  compiling louvain-community-detection-twitch-gamers (1 scala source)
2023.12.03 19:38:46 INFO  time: compiled louvain-community-detection-twitch-gamers in 0.26s
2023.12.03 19:39:10 INFO  compiling louvain-community-detection-twitch-gamers (1 scala source)
2023.12.03 19:39:10 INFO  time: compiled louvain-community-detection-twitch-gamers in 0.72s
2023.12.03 19:39:26 INFO  compiling louvain-community-detection-twitch-gamers (1 scala source)
2023.12.03 19:39:26 INFO  time: compiled louvain-community-detection-twitch-gamers in 0.7s
2023.12.03 19:40:21 INFO  compiling louvain-community-detection-twitch-gamers (1 scala source)
2023.12.03 19:40:22 INFO  time: compiled louvain-community-detection-twitch-gamers in 1.03s
2023.12.03 19:40:37 INFO  compiling louvain-community-detection-twitch-gamers (1 scala source)
2023.12.03 19:40:37 INFO  time: compiled louvain-community-detection-twitch-gamers in 0.78s
2023.12.03 19:40:54 INFO  compiling louvain-community-detection-twitch-gamers (1 scala source)
2023.12.03 19:40:54 INFO  time: compiled louvain-community-detection-twitch-gamers in 0.68s
2023.12.03 19:41:28 INFO  compiling louvain-community-detection-twitch-gamers (1 scala source)
2023.12.03 19:41:28 INFO  time: compiled louvain-community-detection-twitch-gamers in 0.7s
2023.12.03 19:41:32 INFO  compiling louvain-community-detection-twitch-gamers (1 scala source)
2023.12.03 19:41:32 INFO  Deduplicating compilation of louvain-community-detection-twitch-gamers from bsp client 'Metals 1.1.0' (since 1h 4m 44.179s)
2023.12.03 19:41:32 INFO  compiling louvain-community-detection-twitch-gamers (1 scala source)
2023.12.03 19:41:32 INFO  time: compiled louvain-community-detection-twitch-gamers in 0.47s
2023.12.03 19:42:06 WARN  Could not load snapshot text for /home/osmanilge/Desktop/Louvain-Community-Detection-Twitch-gamers/src/main/scala/Main.scala
2023.12.03 19:42:06 WARN  Could not load snapshot text for /home/osmanilge/Desktop/Louvain-Community-Detection-Twitch-gamers/src/main/scala/Main.scala
2023.12.03 19:42:06 INFO  compiling louvain-community-detection-twitch-gamers (1 scala source)
2023.12.03 19:42:06 WARN  Using indexes to guess the definition of split
2023.12.03 19:42:06 WARN  Could not load snapshot text for /home/osmanilge/Desktop/Louvain-Community-Detection-Twitch-gamers/src/main/scala/Main.scala
2023.12.03 19:42:06 WARN  Could not load snapshot text for /home/osmanilge/Desktop/Louvain-Community-Detection-Twitch-gamers/src/main/scala/Main.scala
2023.12.03 19:42:06 WARN  Could not load snapshot text for /home/osmanilge/Desktop/Louvain-Community-Detection-Twitch-gamers/src/main/scala/Main.scala
2023.12.03 19:42:06 WARN  Could not load snapshot text for /home/osmanilge/Desktop/Louvain-Community-Detection-Twitch-gamers/src/main/scala/Main.scala
2023.12.03 19:42:06 WARN  Could not load snapshot text for /home/osmanilge/Desktop/Louvain-Community-Detection-Twitch-gamers/src/main/scala/Main.scala
2023.12.03 19:42:06 WARN  Could not load snapshot text for /home/osmanilge/Desktop/Louvain-Community-Detection-Twitch-gamers/src/main/scala/Main.scala
2023.12.03 19:42:07 INFO  time: compiled louvain-community-detection-twitch-gamers in 1.06s
2023.12.03 19:42:37 INFO  compiling louvain-community-detection-twitch-gamers (1 scala source)
2023.12.03 19:42:37 INFO  time: compiled louvain-community-detection-twitch-gamers in 0.71s
2023.12.03 19:43:54 INFO  compiling louvain-community-detection-twitch-gamers (1 scala source)
2023.12.03 19:43:54 INFO  time: compiled louvain-community-detection-twitch-gamers in 0.7s
2023.12.03 19:45:03 INFO  compiling louvain-community-detection-twitch-gamers (1 scala source)
2023.12.03 19:45:03 INFO  Deduplicating compilation of louvain-community-detection-twitch-gamers from bsp client 'Metals 1.1.0' (since 1h 8m 15.585s)
2023.12.03 19:45:03 INFO  compiling louvain-community-detection-twitch-gamers (1 scala source)
2023.12.03 19:45:03 INFO  time: compiled louvain-community-detection-twitch-gamers in 0.51s
2023.12.03 19:45:23 INFO  compiling louvain-community-detection-twitch-gamers (1 scala source)
2023.12.03 19:45:23 INFO  time: compiled louvain-community-detection-twitch-gamers in 0.55s
2023.12.03 19:45:47 INFO  compiling louvain-community-detection-twitch-gamers (1 scala source)
2023.12.03 19:45:47 INFO  time: compiled louvain-community-detection-twitch-gamers in 0.65s
2023.12.03 19:46:01 INFO  compiling louvain-community-detection-twitch-gamers (1 scala source)
2023.12.03 19:46:01 INFO  time: compiled louvain-community-detection-twitch-gamers in 0.5s
Exception in thread "pool-5-thread-2" java.lang.InterruptedException
	at scala.meta.internal.metals.FutureCancelToken.checkCanceled(FutureCancelToken.scala:29)
	at scala.meta.internal.pc.CompilerAccess.$anonfun$onCompilerJobQueue$1(CompilerAccess.scala:230)
	at scala.meta.internal.pc.CompilerJobQueue$Job.run(CompilerJobQueue.scala:152)
	at java.base/java.util.concurrent.ThreadPoolExecutor.runWorker(ThreadPoolExecutor.java:1128)
	at java.base/java.util.concurrent.ThreadPoolExecutor$Worker.run(ThreadPoolExecutor.java:628)
	at java.base/java.lang.Thread.run(Thread.java:829)
2023.12.03 20:10:41 INFO  compiling louvain-community-detection-twitch-gamers (1 scala source)
2023.12.03 20:10:41 INFO  time: compiled louvain-community-detection-twitch-gamers in 0.61s
2023.12.03 20:19:35 INFO  compiling louvain-community-detection-twitch-gamers (1 scala source)
2023.12.03 20:19:35 INFO  time: compiled louvain-community-detection-twitch-gamers in 0.56s
2023.12.03 20:21:10 INFO  compiling louvain-community-detection-twitch-gamers (1 scala source)
2023.12.03 20:21:10 INFO  time: compiled louvain-community-detection-twitch-gamers in 0.66s
2023.12.03 20:21:14 ERROR Failed to tokenize input for semantic tokens for /home/osmanilge/Desktop/Louvain-Community-Detection-Twitch-gamers/src/main/scala/Main.scala
scala.meta.tokenizers.TokenizeException: <input>:41: error: unclosed comment
/*
^
	at scala.meta.internal.tokenizers.Reporter.incompleteInputError(Reporter.scala:27)
	at scala.meta.internal.tokenizers.Reporter.incompleteInputError$(Reporter.scala:26)
	at scala.meta.internal.tokenizers.Reporter$$anon$1.incompleteInputError(Reporter.scala:33)
	at scala.meta.internal.tokenizers.Reporter.incompleteInputError(Reporter.scala:29)
	at scala.meta.internal.tokenizers.Reporter.incompleteInputError$(Reporter.scala:29)
	at scala.meta.internal.tokenizers.Reporter$$anon$1.incompleteInputError(Reporter.scala:33)
	at scala.meta.internal.tokenizers.LegacyScanner.skipNestedComments(LegacyScanner.scala:52)
	at scala.meta.internal.tokenizers.LegacyScanner.skipToCommentEnd(LegacyScanner.scala:71)
	at scala.meta.internal.tokenizers.LegacyScanner.fetchToken(LegacyScanner.scala:313)
	at scala.meta.internal.tokenizers.LegacyScanner.nextToken(LegacyScanner.scala:211)
	at scala.meta.internal.tokenizers.LegacyScanner.foreach(LegacyScanner.scala:1011)
	at scala.meta.internal.tokenizers.ScalametaTokenizer.uncachedTokenize(ScalametaTokenizer.scala:24)
	at scala.meta.internal.tokenizers.ScalametaTokenizer.$anonfun$tokenize$1(ScalametaTokenizer.scala:17)
	at scala.collection.concurrent.TrieMap.getOrElseUpdate(TrieMap.scala:962)
	at scala.meta.internal.tokenizers.ScalametaTokenizer.tokenize(ScalametaTokenizer.scala:17)
	at scala.meta.internal.tokenizers.ScalametaTokenizer$$anon$2.apply(ScalametaTokenizer.scala:332)
	at scala.meta.tokenizers.Api$XtensionTokenizeDialectInput.tokenize(Api.scala:25)
	at scala.meta.tokenizers.Api$XtensionTokenizeInputLike.tokenize(Api.scala:14)
	at scala.meta.internal.metals.SemanticTokensProvider$.getTokens(SemanticTokensProvider.scala:30)
	at scala.meta.internal.metals.SemanticTokensProvider$.provide(SemanticTokensProvider.scala:89)
	at scala.meta.internal.metals.Compilers.$anonfun$semanticTokens$3(Compilers.scala:539)
	at scala.concurrent.impl.Promise$Transformation.run(Promise.scala:467)
	at java.util.concurrent.ThreadPoolExecutor.runWorker(ThreadPoolExecutor.java:1128)
	at java.util.concurrent.ThreadPoolExecutor$Worker.run(ThreadPoolExecutor.java:628)
	at java.lang.Thread.run(Thread.java:829)

2023.12.03 20:21:17 INFO  compiling louvain-community-detection-twitch-gamers (1 scala source)
2023.12.03 20:21:17 INFO  time: compiled louvain-community-detection-twitch-gamers in 0.85s
